{
  "RSpec": {
    "coverage": {
      "/home/rodrigo/Área de Trabalho/Documentos/directories/ruby/rails_tutorial/farma_alg_reborn/app/helpers/answer_connections_helper.rb": [
        1,
        null
      ],
      "/home/rodrigo/Área de Trabalho/Documentos/directories/ruby/rails_tutorial/farma_alg_reborn/app/helpers/answers_helper.rb": [
        1,
        1,
        0,
        0,
        null,
        null,
        1,
        0,
        0,
        null,
        null
      ],
      "/home/rodrigo/Área de Trabalho/Documentos/directories/ruby/rails_tutorial/farma_alg_reborn/app/helpers/application_helper.rb": [
        1,
        null,
        null,
        1,
        0,
        0,
        0,
        null,
        null,
        null,
        1,
        0,
        null,
        null,
        null,
        1,
        0,
        null,
        null
      ],
      "/home/rodrigo/Área de Trabalho/Documentos/directories/ruby/rails_tutorial/farma_alg_reborn/app/helpers/dashboard_helper.rb": [
        1,
        null
      ],
      "/home/rodrigo/Área de Trabalho/Documentos/directories/ruby/rails_tutorial/farma_alg_reborn/app/helpers/exercises_helper.rb": [
        1,
        null,
        null,
        1,
        1,
        0,
        null,
        null,
        null,
        null,
        1,
        0,
        null,
        0,
        null,
        null,
        null,
        0,
        0,
        null,
        null,
        null,
        1,
        0,
        0,
        null,
        null,
        null,
        1,
        0,
        0,
        0,
        0,
        null,
        0,
        null,
        null,
        null,
        null,
        null,
        null,
        1,
        0,
        null,
        null
      ],
      "/home/rodrigo/Área de Trabalho/Documentos/directories/ruby/rails_tutorial/farma_alg_reborn/app/helpers/questions_helper.rb": [
        1,
        null,
        1,
        0,
        0,
        null,
        null
      ],
      "/home/rodrigo/Área de Trabalho/Documentos/directories/ruby/rails_tutorial/farma_alg_reborn/app/helpers/remote_link_pagination_helper.rb": [
        1,
        1,
        1,
        0,
        0,
        null,
        null,
        null
      ],
      "/home/rodrigo/Área de Trabalho/Documentos/directories/ruby/rails_tutorial/farma_alg_reborn/app/helpers/teams_helper.rb": [
        1,
        null,
        1,
        0,
        0,
        0,
        0,
        0,
        0,
        null,
        0,
        null,
        null,
        null,
        null,
        null,
        1,
        0,
        0,
        null,
        null,
        1,
        0,
        0,
        0,
        0,
        null,
        0,
        null,
        null,
        null,
        null,
        1,
        0,
        0,
        null,
        null,
        null,
        1,
        0,
        null,
        null,
        0,
        null,
        null,
        null,
        null,
        null,
        null,
        null,
        null,
        1,
        0,
        0,
        null,
        null
      ],
      "/home/rodrigo/Área de Trabalho/Documentos/directories/ruby/rails_tutorial/farma_alg_reborn/app/helpers/test_cases_helper.rb": [
        1,
        null
      ],
      "/home/rodrigo/Área de Trabalho/Documentos/directories/ruby/rails_tutorial/farma_alg_reborn/spec/support/helpers/relationships_helper.rb": [
        1,
        1,
        null,
        null,
        null,
        1,
        0,
        null,
        null,
        null
      ],
      "/home/rodrigo/Área de Trabalho/Documentos/directories/ruby/rails_tutorial/farma_alg_reborn/spec/support/helpers/ace_editor_helper.rb": [
        1,
        null,
        1,
        0,
        null,
        null,
        null,
        null,
        1,
        0,
        0,
        0,
        null,
        null,
        null,
        null,
        null,
        1,
        0,
        0,
        null,
        null
      ],
      "/home/rodrigo/Área de Trabalho/Documentos/directories/ruby/rails_tutorial/farma_alg_reborn/spec/support/helpers/answers_hash_helper.rb": [
        1,
        null,
        null,
        null,
        1,
        0,
        0,
        0,
        0,
        0,
        0,
        0,
        null,
        null,
        null,
        null,
        null,
        null,
        null,
        null,
        0,
        null,
        null
      ],
      "/home/rodrigo/Área de Trabalho/Documentos/directories/ruby/rails_tutorial/farma_alg_reborn/app/classes/dependency_checker.rb": [
        1,
        1,
        9,
        9,
        9,
        9,
        7,
        null,
        null,
        1,
        1,
        null,
        null,
        1,
        1,
        null,
        null,
        1,
        4,
        4,
        null,
        null,
        1,
        null,
        58,
        null,
        null,
        1,
        null,
        null,
        1,
        9,
        null,
        null,
        1,
        4,
        null,
        null,
        1,
        7,
        7,
        30,
        30,
        null,
        null,
        7,
        null,
        null,
        1,
        null,
        30,
        25,
        null,
        null,
        1,
        30,
        30,
        null,
        6,
        10,
        null,
        null,
        null,
        null,
        null,
        null,
        3,
        null,
        null,
        1,
        27,
        27,
        null,
        3,
        5,
        null,
        null,
        null,
        null,
        null,
        null,
        1,
        null,
        null
      ],
      "/home/rodrigo/Área de Trabalho/Documentos/directories/ruby/rails_tutorial/farma_alg_reborn/spec/classes/incentive_ranking/builder_spec.rb": [
        1,
        null,
        1,
        1,
        6,
        null,
        1,
        1,
        null,
        null,
        null,
        null,
        null,
        1,
        null,
        null,
        2,
        null,
        null,
        1,
        5,
        5,
        5,
        5,
        null,
        1,
        4,
        4,
        null,
        null,
        null,
        null,
        1,
        null,
        null,
        null,
        null,
        null,
        4,
        null,
        null,
        1,
        36,
        null,
        4,
        null,
        null,
        1,
        1,
        null,
        null,
        1,
        1,
        3,
        null,
        null,
        null,
        null,
        1,
        1,
        3,
        3,
        9,
        null,
        null,
        null,
        1,
        1,
        3,
        null,
        null,
        null,
        null,
        null,
        1,
        null,
        1,
        6,
        5,
        null,
        null
      ],
      "/home/rodrigo/Área de Trabalho/Documentos/directories/ruby/rails_tutorial/farma_alg_reborn/app/classes/incentive_ranking/builder.rb": [
        1,
        null,
        1,
        1,
        1,
        5,
        5,
        5,
        5,
        null,
        null,
        1,
        5,
        5,
        4,
        null,
        4,
        null,
        null,
        null,
        null,
        null,
        4,
        null,
        null,
        1,
        null,
        1,
        4,
        null,
        4,
        4,
        null,
        null,
        4,
        4,
        null,
        4,
        4,
        null,
        null,
        4,
        null,
        null,
        1,
        4,
        8,
        8,
        null,
        null,
        null,
        null,
        4,
        null,
        4,
        null,
        null,
        1,
        12,
        null,
        null,
        1,
        12,
        null,
        null,
        1,
        4,
        null,
        null,
        null,
        null,
        null,
        4,
        4,
        null,
        null,
        null
      ],
      "/home/rodrigo/Área de Trabalho/Documentos/directories/ruby/rails_tutorial/farma_alg_reborn/lib/utils/middlerizer.rb": [
        null,
        null,
        null,
        null,
        null,
        null,
        null,
        null,
        null,
        null,
        null,
        null,
        null,
        null,
        null,
        null,
        null,
        null,
        null,
        null,
        null,
        1,
        1,
        1,
        1,
        null,
        1,
        12,
        12,
        12,
        12,
        12,
        12,
        null,
        null,
        1,
        0,
        null,
        null,
        null,
        null,
        null,
        null,
        1,
        5,
        null,
        null,
        1,
        8,
        null,
        null,
        1,
        0,
        null,
        null,
        1,
        null,
        1,
        12,
        12,
        12,
        null,
        null,
        1,
        24,
        null,
        12,
        null,
        null,
        1,
        12,
        12,
        12,
        12,
        null,
        null,
        1,
        12,
        12,
        12,
        12,
        null,
        null,
        1,
        24,
        24,
        16,
        null,
        null
      ],
      "/home/rodrigo/Área de Trabalho/Documentos/directories/ruby/rails_tutorial/farma_alg_reborn/spec/classes/incentive_ranking/ghost_user/applier_spec.rb": [
        1,
        1,
        null,
        1,
        4,
        4,
        4,
        4,
        null,
        1,
        null,
        null,
        null,
        null,
        3,
        null,
        null,
        1,
        1,
        null,
        1,
        null,
        null,
        null,
        null,
        1,
        1,
        null,
        null,
        null,
        1,
        1,
        null,
        1,
        null,
        null,
        null,
        null,
        1,
        1,
        null,
        null,
        null,
        1,
        1,
        null,
        1,
        null,
        null,
        null,
        null,
        2,
        null,
        2,
        null,
        1,
        1,
        null,
        null,
        null
      ],
      "/home/rodrigo/Área de Trabalho/Documentos/directories/ruby/rails_tutorial/farma_alg_reborn/app/classes/incentive_ranking/ghost_user/applier.rb": [
        1,
        null,
        1,
        1,
        1,
        null,
        null,
        null,
        1,
        7,
        7,
        7,
        7,
        null,
        null,
        1,
        7,
        null,
        1,
        null,
        null,
        null,
        null,
        1,
        null,
        null,
        1,
        null,
        1,
        1,
        1,
        null,
        null,
        1,
        7,
        null,
        null,
        1,
        7,
        null,
        null,
        null,
        null,
        1,
        2,
        null,
        null,
        null
      ],
      "/home/rodrigo/Área de Trabalho/Documentos/directories/ruby/rails_tutorial/farma_alg_reborn/spec/classes/incentive_ranking/ghost_user/builder_spec.rb": [
        1,
        null,
        1,
        1,
        6,
        6,
        null,
        1,
        5,
        5,
        null,
        null,
        1,
        null,
        null,
        null,
        5,
        null,
        null,
        1,
        2,
        null,
        2,
        null,
        null,
        1,
        3,
        null,
        2,
        null,
        1,
        null,
        1,
        1,
        null,
        null,
        null,
        1,
        3,
        null,
        2,
        null,
        1,
        1,
        null,
        null,
        null,
        null,
        1,
        null,
        1,
        8,
        null,
        34,
        8,
        null,
        8,
        null,
        null,
        1,
        1,
        3,
        null,
        3,
        null,
        null,
        null
      ],
      "/home/rodrigo/Área de Trabalho/Documentos/directories/ruby/rails_tutorial/farma_alg_reborn/app/classes/incentive_ranking/ghost_user/builder.rb": [
        1,
        1,
        1,
        null,
        1,
        6,
        6,
        null,
        null,
        null,
        null,
        null,
        1,
        6,
        9,
        9,
        9,
        null,
        null,
        null,
        1,
        null,
        null,
        1,
        null,
        null,
        1,
        null,
        1,
        9,
        9,
        null,
        null,
        null,
        1,
        9,
        49,
        9,
        null,
        null,
        1,
        42,
        42,
        null,
        null,
        null,
        null,
        null,
        1,
        9,
        9,
        null,
        null,
        42,
        25,
        25,
        null,
        17,
        null,
        42,
        9,
        null,
        null,
        1,
        42,
        null,
        null,
        1,
        null,
        null,
        null,
        9,
        9,
        null,
        null,
        null,
        null
      ],
      "/home/rodrigo/Área de Trabalho/Documentos/directories/ruby/rails_tutorial/farma_alg_reborn/app/models/team.rb": [
        1,
        1,
        1,
        null,
        1,
        1,
        1,
        1,
        null,
        1,
        1,
        null,
        1,
        1,
        null,
        null,
        null,
        1,
        0,
        0,
        null,
        null,
        1,
        0,
        0,
        0,
        null,
        null,
        null,
        1,
        0,
        null,
        null,
        1,
        0,
        null,
        null,
        1,
        0,
        0,
        null,
        null,
        1,
        0,
        null,
        null,
        1,
        0,
        null,
        null,
        1,
        null,
        1,
        0,
        null,
        null
      ],
      "/home/rodrigo/Área de Trabalho/Documentos/directories/ruby/rails_tutorial/farma_alg_reborn/app/models/exercise.rb": [
        1,
        1,
        null,
        1,
        1,
        1,
        null,
        null,
        1,
        0,
        0,
        null,
        0,
        0,
        null,
        0,
        null,
        null,
        0,
        null,
        null
      ],
      "/home/rodrigo/Área de Trabalho/Documentos/directories/ruby/rails_tutorial/farma_alg_reborn/app/models/question.rb": [
        1,
        null,
        1,
        1,
        1,
        null,
        1,
        1,
        null,
        1,
        1,
        1,
        1,
        1,
        null,
        null,
        null,
        1,
        0,
        null,
        0,
        null,
        0,
        0,
        null,
        null,
        0,
        null,
        null,
        null,
        null,
        1,
        null,
        0,
        null,
        null,
        1,
        0,
        null,
        null,
        1,
        117,
        null,
        null,
        117,
        null,
        null,
        null,
        1,
        null,
        0,
        null,
        null,
        1,
        null,
        null,
        1,
        0,
        null,
        null,
        1,
        169,
        null,
        null
      ],
      "/home/rodrigo/Área de Trabalho/Documentos/directories/ruby/rails_tutorial/farma_alg_reborn/lib/utils/code_runner.rb": [
        1,
        1,
        1,
        1,
        null,
        1,
        null,
        null,
        null,
        null,
        1,
        0,
        0,
        0,
        0,
        0,
        null,
        null,
        null,
        1,
        0,
        0,
        0,
        null,
        null,
        0,
        null,
        0,
        0,
        null,
        0,
        null,
        null,
        null,
        1,
        0,
        null,
        0,
        null,
        0,
        null,
        0,
        null,
        null,
        null,
        1,
        null,
        null,
        1,
        0,
        0,
        null,
        null,
        null,
        null,
        1,
        0,
        null,
        null,
        null,
        null,
        null,
        null,
        null,
        1,
        0,
        0,
        null,
        null,
        1,
        0,
        null,
        null,
        null,
        1,
        0,
        null,
        null,
        null,
        null,
        1,
        0,
        null,
        null
      ],
      "/home/rodrigo/Área de Trabalho/Documentos/directories/ruby/rails_tutorial/farma_alg_reborn/app/models/answer.rb": [
        1,
        1,
        null,
        null,
        null,
        1,
        null,
        null,
        1,
        null,
        1,
        1,
        1,
        1,
        null,
        1,
        1,
        null,
        1,
        1,
        1,
        null,
        null,
        null,
        null,
        1,
        1,
        null,
        1,
        1,
        1,
        null,
        1,
        12,
        12,
        null,
        null,
        1,
        12,
        12,
        null,
        null,
        1,
        0,
        0,
        null,
        null,
        null,
        null,
        1,
        0,
        0,
        null,
        null,
        1,
        0,
        0,
        null,
        null,
        1,
        0,
        null,
        null,
        1,
        0,
        0,
        null,
        null,
        null,
        null,
        1,
        0,
        0,
        0,
        null,
        null,
        null,
        null,
        null,
        1,
        0,
        null,
        null,
        null,
        null,
        1,
        0,
        null,
        0,
        null,
        null,
        null,
        1,
        0,
        0,
        null,
        null,
        1,
        null,
        1,
        102,
        null,
        102,
        102,
        null,
        null,
        1,
        0,
        0,
        null,
        null,
        null,
        null,
        1,
        null,
        0,
        null,
        0,
        0,
        null,
        null,
        null,
        0,
        null,
        null,
        null,
        1,
        0,
        0,
        null,
        null,
        null,
        null,
        1,
        0,
        0,
        null,
        0,
        0,
        0,
        0,
        0,
        null,
        null,
        null,
        null,
        1,
        0,
        0,
        0,
        0,
        null,
        null,
        null,
        null,
        1,
        0,
        null,
        null,
        null,
        1,
        102,
        null,
        null,
        null,
        null,
        1,
        null,
        0,
        null,
        0,
        null,
        null,
        null,
        null,
        1,
        102,
        null,
        102,
        null,
        null
      ],
      "/home/rodrigo/Área de Trabalho/Documentos/directories/ruby/rails_tutorial/farma_alg_reborn/app/queries/answer_query.rb": [
        1,
        1,
        219,
        null,
        null,
        1,
        null,
        null,
        null,
        102,
        null,
        null,
        1,
        null,
        null,
        null,
        117,
        null,
        null,
        1,
        0,
        null,
        null,
        1,
        null,
        0,
        null,
        null,
        1,
        null,
        null,
        0,
        null,
        null,
        1,
        null,
        null,
        null,
        null,
        0,
        null,
        null,
        1,
        null,
        1,
        1,
        0,
        0,
        null,
        null,
        1,
        219,
        117,
        null,
        null,
        1,
        219,
        219,
        null,
        null,
        null
      ],
      "/home/rodrigo/Área de Trabalho/Documentos/directories/ruby/rails_tutorial/farma_alg_reborn/app/queries/question_dependency_query.rb": [
        1,
        1,
        58,
        null,
        null,
        1,
        null,
        0,
        null,
        null,
        1,
        58,
        null,
        null
      ],
      "/home/rodrigo/Área de Trabalho/Documentos/directories/ruby/rails_tutorial/farma_alg_reborn/app/queries/user_score_query.rb": [
        1,
        1,
        5,
        null,
        null,
        1,
        null,
        null,
        5,
        null,
        null,
        1,
        1,
        9,
        4,
        null,
        null,
        1,
        5,
        5,
        null,
        null,
        1,
        5,
        null,
        null,
        null
      ],
      "/home/rodrigo/Área de Trabalho/Documentos/directories/ruby/rails_tutorial/farma_alg_reborn/app/models/user_score.rb": [
        1,
        1,
        null,
        1,
        1,
        null
      ]
    },
    "timestamp": 1496325134
  }
}
